<?xml version="1.0" encoding="UTF-8"?>
<!-- Generated by org.testng.reporters.JUnitReportReporter -->
<testsuite hostname="Saurabh-11" failures="0" tests="3" name="Module_1Login_Test_1.SwagLabLoginTest_5" time="21.728" errors="0" timestamp="2023-01-30T20:30:06 IST" skipped="0">
  <testcase classname="Module_1Login_Test_1.SwagLabLoginTest_5" name="verifylogo" time="5.761"/>
  <system-out/>
  <testcase classname="Module_1Login_Test_1.SwagLabLoginTest_5" name="getremovetext" time="10.174"/>
  <system-out/>
  <testcase classname="Module_1Login_Test_1.SwagLabLoginTest_5" name="screenshot" time="5.793"/>
  <system-out/>
</testsuite> <!-- Module_1Login_Test_1.SwagLabLoginTest_5 -->
