<?xml version="1.0" encoding="UTF-8"?>
<!-- Generated by org.testng.reporters.JUnitReportReporter -->
<testsuite hostname="Saurabh-11" failures="0" tests="2" name="Module_1Login_Test_1.SwagLabLoginTest_7" time="23.040" errors="0" timestamp="2023-02-11T21:50:05 IST" skipped="0">
  <testcase classname="Module_1Login_Test_1.SwagLabLoginTest_7" name="verifylogo" time="7.092"/>
  <system-out/>
  <testcase classname="Module_1Login_Test_1.SwagLabLoginTest_7" name="getremovetext" time="15.948"/>
  <system-out/>
</testsuite> <!-- Module_1Login_Test_1.SwagLabLoginTest_7 -->
