<?xml version="1.0" encoding="UTF-8"?>
<!-- Generated by org.testng.reporters.JUnitReportReporter -->
<testsuite hostname="Saurabh-11" failures="0" tests="2" name="Module_1Login_Test_1.SwagLabLoginTest_4" time="31.676" errors="0" timestamp="2023-01-30T18:11:37 IST" skipped="0">
  <testcase classname="Module_1Login_Test_1.SwagLabLoginTest_4" name="getremovetext" time="22.691"/>
  <system-out/>
  <testcase classname="Module_1Login_Test_1.SwagLabLoginTest_4" name="verifylogo" time="8.985"/>
  <system-out/>
</testsuite> <!-- Module_1Login_Test_1.SwagLabLoginTest_4 -->
