<?xml version="1.0" encoding="UTF-8"?>
<!-- Generated by org.testng.reporters.JUnitReportReporter -->
<testsuite hostname="Saurabh-11" failures="0" tests="2" name="Module_1Login_Test_1.SwagLabLoginTest_3" time="28.371" errors="0" timestamp="2023-01-30T14:33:14 IST" skipped="0">
  <testcase classname="Module_1Login_Test_1.SwagLabLoginTest_3" name="verifylogo" time="10.718"/>
  <system-out/>
  <testcase classname="Module_1Login_Test_1.SwagLabLoginTest_3" name="getremovetext" time="17.653"/>
  <system-out/>
</testsuite> <!-- Module_1Login_Test_1.SwagLabLoginTest_3 -->
