<?xml version="1.0" encoding="UTF-8"?>
<!-- Generated by org.testng.reporters.JUnitReportReporter -->
<testsuite hostname="Saurabh-11" failures="0" tests="2" name="Module_1Login_Test_1.SwagLabLoginTest_8" time="24.676" errors="0" timestamp="2023-02-14T15:05:00 IST" skipped="0">
  <testcase classname="Module_1Login_Test_1.SwagLabLoginTest_8" name="verifylogo" time="8.931"/>
  <system-out/>
  <testcase classname="Module_1Login_Test_1.SwagLabLoginTest_8" name="getremove" time="15.745"/>
  <system-out/>
</testsuite> <!-- Module_1Login_Test_1.SwagLabLoginTest_8 -->
